This is pdfTeX, Version 3.14159265-2.6-1.40.15 (TeX Live 2014/Arch Linux) (preloaded format=pdflatex 2015.5.14)  14 JUL 2015 12:55
entering extended mode
 restricted \write18 enabled.
 %&-line parsing enabled.
**./plannedprotest_AIMag
(./plannedprotest_AIMag.tex
LaTeX2e <2014/05/01>
Babel <3.9l> and hyphenation patterns for 79 languages loaded.
(/usr/share/texmf-dist/tex/latex/base/article.cls
Document Class: article 2014/09/29 v1.4h Standard LaTeX document class
(/usr/share/texmf-dist/tex/latex/base/size10.clo
File: size10.clo 2014/09/29 v1.4h Standard LaTeX file (size option)
)
\c@part=\count79
\c@section=\count80
\c@subsection=\count81
\c@subsubsection=\count82
\c@paragraph=\count83
\c@subparagraph=\count84
\c@figure=\count85
\c@table=\count86
\abovecaptionskip=\skip41
\belowcaptionskip=\skip42
\bibindent=\dimen102
) (./aaai.sty
Conference Style for AAAI for LaTeX 2e -- version of 1 January 2015
\titlebox=\skip43
) (/usr/share/texmf-dist/tex/latex/psnfss/palatino.sty
Package: palatino 2005/04/12 PSNFSS-v9.2a (SPQR) 
)
(/usr/share/texmf-dist/tex/latex/base/inputenc.sty
Package: inputenc 2014/04/30 v1.2b Input encoding file
\inpenc@prehook=\toks14
\inpenc@posthook=\toks15

(/usr/share/texmf-dist/tex/latex/base/utf8.def
File: utf8.def 2014/09/29 v1.1m UTF-8 support for inputenc
Now handling font encoding OML ...
... no UTF-8 mapping file for font encoding OML
Now handling font encoding T1 ...
... processing UTF-8 mapping file for font encoding T1

(/usr/share/texmf-dist/tex/latex/base/t1enc.dfu
File: t1enc.dfu 2014/09/29 v1.1m UTF-8 support for inputenc
   defining Unicode char U+00A1 (decimal 161)
   defining Unicode char U+00A3 (decimal 163)
   defining Unicode char U+00AB (decimal 171)
   defining Unicode char U+00BB (decimal 187)
   defining Unicode char U+00BF (decimal 191)
   defining Unicode char U+00C0 (decimal 192)
   defining Unicode char U+00C1 (decimal 193)
   defining Unicode char U+00C2 (decimal 194)
   defining Unicode char U+00C3 (decimal 195)
   defining Unicode char U+00C4 (decimal 196)
   defining Unicode char U+00C5 (decimal 197)
   defining Unicode char U+00C6 (decimal 198)
   defining Unicode char U+00C7 (decimal 199)
   defining Unicode char U+00C8 (decimal 200)
   defining Unicode char U+00C9 (decimal 201)
   defining Unicode char U+00CA (decimal 202)
   defining Unicode char U+00CB (decimal 203)
   defining Unicode char U+00CC (decimal 204)
   defining Unicode char U+00CD (decimal 205)
   defining Unicode char U+00CE (decimal 206)
   defining Unicode char U+00CF (decimal 207)
   defining Unicode char U+00D0 (decimal 208)
   defining Unicode char U+00D1 (decimal 209)
   defining Unicode char U+00D2 (decimal 210)
   defining Unicode char U+00D3 (decimal 211)
   defining Unicode char U+00D4 (decimal 212)
   defining Unicode char U+00D5 (decimal 213)
   defining Unicode char U+00D6 (decimal 214)
   defining Unicode char U+00D8 (decimal 216)
   defining Unicode char U+00D9 (decimal 217)
   defining Unicode char U+00DA (decimal 218)
   defining Unicode char U+00DB (decimal 219)
   defining Unicode char U+00DC (decimal 220)
   defining Unicode char U+00DD (decimal 221)
   defining Unicode char U+00DE (decimal 222)
   defining Unicode char U+00DF (decimal 223)
   defining Unicode char U+00E0 (decimal 224)
   defining Unicode char U+00E1 (decimal 225)
   defining Unicode char U+00E2 (decimal 226)
   defining Unicode char U+00E3 (decimal 227)
   defining Unicode char U+00E4 (decimal 228)
   defining Unicode char U+00E5 (decimal 229)
   defining Unicode char U+00E6 (decimal 230)
   defining Unicode char U+00E7 (decimal 231)
   defining Unicode char U+00E8 (decimal 232)
   defining Unicode char U+00E9 (decimal 233)
   defining Unicode char U+00EA (decimal 234)
   defining Unicode char U+00EB (decimal 235)
   defining Unicode char U+00EC (decimal 236)
   defining Unicode char U+00ED (decimal 237)
   defining Unicode char U+00EE (decimal 238)
   defining Unicode char U+00EF (decimal 239)
   defining Unicode char U+00F0 (decimal 240)
   defining Unicode char U+00F1 (decimal 241)
   defining Unicode char U+00F2 (decimal 242)
   defining Unicode char U+00F3 (decimal 243)
   defining Unicode char U+00F4 (decimal 244)
   defining Unicode char U+00F5 (decimal 245)
   defining Unicode char U+00F6 (decimal 246)
   defining Unicode char U+00F8 (decimal 248)
   defining Unicode char U+00F9 (decimal 249)
   defining Unicode char U+00FA (decimal 250)
   defining Unicode char U+00FB (decimal 251)
   defining Unicode char U+00FC (decimal 252)
   defining Unicode char U+00FD (decimal 253)
   defining Unicode char U+00FE (decimal 254)
   defining Unicode char U+00FF (decimal 255)
   defining Unicode char U+0102 (decimal 258)
   defining Unicode char U+0103 (decimal 259)
   defining Unicode char U+0104 (decimal 260)
   defining Unicode char U+0105 (decimal 261)
   defining Unicode char U+0106 (decimal 262)
   defining Unicode char U+0107 (decimal 263)
   defining Unicode char U+010C (decimal 268)
   defining Unicode char U+010D (decimal 269)
   defining Unicode char U+010E (decimal 270)
   defining Unicode char U+010F (decimal 271)
   defining Unicode char U+0110 (decimal 272)
   defining Unicode char U+0111 (decimal 273)
   defining Unicode char U+0118 (decimal 280)
   defining Unicode char U+0119 (decimal 281)
   defining Unicode char U+011A (decimal 282)
   defining Unicode char U+011B (decimal 283)
   defining Unicode char U+011E (decimal 286)
   defining Unicode char U+011F (decimal 287)
   defining Unicode char U+0130 (decimal 304)
   defining Unicode char U+0131 (decimal 305)
   defining Unicode char U+0132 (decimal 306)
   defining Unicode char U+0133 (decimal 307)
   defining Unicode char U+0139 (decimal 313)
   defining Unicode char U+013A (decimal 314)
   defining Unicode char U+013D (decimal 317)
   defining Unicode char U+013E (decimal 318)
   defining Unicode char U+0141 (decimal 321)
   defining Unicode char U+0142 (decimal 322)
   defining Unicode char U+0143 (decimal 323)
   defining Unicode char U+0144 (decimal 324)
   defining Unicode char U+0147 (decimal 327)
   defining Unicode char U+0148 (decimal 328)
   defining Unicode char U+014A (decimal 330)
   defining Unicode char U+014B (decimal 331)
   defining Unicode char U+0150 (decimal 336)
   defining Unicode char U+0151 (decimal 337)
   defining Unicode char U+0152 (decimal 338)
   defining Unicode char U+0153 (decimal 339)
   defining Unicode char U+0154 (decimal 340)
   defining Unicode char U+0155 (decimal 341)
   defining Unicode char U+0158 (decimal 344)
   defining Unicode char U+0159 (decimal 345)
   defining Unicode char U+015A (decimal 346)
   defining Unicode char U+015B (decimal 347)
   defining Unicode char U+015E (decimal 350)
   defining Unicode char U+015F (decimal 351)
   defining Unicode char U+0160 (decimal 352)
   defining Unicode char U+0161 (decimal 353)
   defining Unicode char U+0162 (decimal 354)
   defining Unicode char U+0163 (decimal 355)
   defining Unicode char U+0164 (decimal 356)
   defining Unicode char U+0165 (decimal 357)
   defining Unicode char U+016E (decimal 366)
   defining Unicode char U+016F (decimal 367)
   defining Unicode char U+0170 (decimal 368)
   defining Unicode char U+0171 (decimal 369)
   defining Unicode char U+0178 (decimal 376)
   defining Unicode char U+0179 (decimal 377)
   defining Unicode char U+017A (decimal 378)
   defining Unicode char U+017B (decimal 379)
   defining Unicode char U+017C (decimal 380)
   defining Unicode char U+017D (decimal 381)
   defining Unicode char U+017E (decimal 382)
   defining Unicode char U+200C (decimal 8204)
   defining Unicode char U+2013 (decimal 8211)
   defining Unicode char U+2014 (decimal 8212)
   defining Unicode char U+2018 (decimal 8216)
   defining Unicode char U+2019 (decimal 8217)
   defining Unicode char U+201A (decimal 8218)
   defining Unicode char U+201C (decimal 8220)
   defining Unicode char U+201D (decimal 8221)
   defining Unicode char U+201E (decimal 8222)
   defining Unicode char U+2030 (decimal 8240)
   defining Unicode char U+2031 (decimal 8241)
   defining Unicode char U+2039 (decimal 8249)
   defining Unicode char U+203A (decimal 8250)
   defining Unicode char U+2423 (decimal 9251)
)
Now handling font encoding OT1 ...
... processing UTF-8 mapping file for font encoding OT1

(/usr/share/texmf-dist/tex/latex/base/ot1enc.dfu
File: ot1enc.dfu 2014/09/29 v1.1m UTF-8 support for inputenc
   defining Unicode char U+00A1 (decimal 161)
   defining Unicode char U+00A3 (decimal 163)
   defining Unicode char U+00B8 (decimal 184)
   defining Unicode char U+00BF (decimal 191)
   defining Unicode char U+00C5 (decimal 197)
   defining Unicode char U+00C6 (decimal 198)
   defining Unicode char U+00D8 (decimal 216)
   defining Unicode char U+00DF (decimal 223)
   defining Unicode char U+00E6 (decimal 230)
   defining Unicode char U+00EC (decimal 236)
   defining Unicode char U+00ED (decimal 237)
   defining Unicode char U+00EE (decimal 238)
   defining Unicode char U+00EF (decimal 239)
   defining Unicode char U+00F8 (decimal 248)
   defining Unicode char U+0131 (decimal 305)
   defining Unicode char U+0141 (decimal 321)
   defining Unicode char U+0142 (decimal 322)
   defining Unicode char U+0152 (decimal 338)
   defining Unicode char U+0153 (decimal 339)
   defining Unicode char U+2013 (decimal 8211)
   defining Unicode char U+2014 (decimal 8212)
   defining Unicode char U+2018 (decimal 8216)
   defining Unicode char U+2019 (decimal 8217)
   defining Unicode char U+201C (decimal 8220)
   defining Unicode char U+201D (decimal 8221)
)
Now handling font encoding OMS ...
... processing UTF-8 mapping file for font encoding OMS

(/usr/share/texmf-dist/tex/latex/base/omsenc.dfu
File: omsenc.dfu 2014/09/29 v1.1m UTF-8 support for inputenc
   defining Unicode char U+00A7 (decimal 167)
   defining Unicode char U+00B6 (decimal 182)
   defining Unicode char U+00B7 (decimal 183)
   defining Unicode char U+2020 (decimal 8224)
   defining Unicode char U+2021 (decimal 8225)
   defining Unicode char U+2022 (decimal 8226)
)
Now handling font encoding OMX ...
... no UTF-8 mapping file for font encoding OMX
Now handling font encoding U ...
... no UTF-8 mapping file for font encoding U
   defining Unicode char U+00A9 (decimal 169)
   defining Unicode char U+00AA (decimal 170)
   defining Unicode char U+00AE (decimal 174)
   defining Unicode char U+00BA (decimal 186)
   defining Unicode char U+02C6 (decimal 710)
   defining Unicode char U+02DC (decimal 732)
   defining Unicode char U+200C (decimal 8204)
   defining Unicode char U+2026 (decimal 8230)
   defining Unicode char U+2122 (decimal 8482)
   defining Unicode char U+2423 (decimal 9251)
))
(/usr/share/texmf-dist/tex/latex/psnfss/helvet.sty
Package: helvet 2005/04/12 PSNFSS-v9.2a (WaS) 

(/usr/share/texmf-dist/tex/latex/graphics/keyval.sty
Package: keyval 2014/10/28 v1.15 key=value parser (DPC)
\KV@toks@=\toks16
))
(/usr/share/texmf-dist/tex/latex/amsmath/amsmath.sty
Package: amsmath 2013/01/14 v2.14 AMS math features
\@mathmargin=\skip44

For additional information on amsmath, use the `?' option.
(/usr/share/texmf-dist/tex/latex/amsmath/amstext.sty
Package: amstext 2000/06/29 v2.01

(/usr/share/texmf-dist/tex/latex/amsmath/amsgen.sty
File: amsgen.sty 1999/11/30 v2.0
\@emptytoks=\toks17
\ex@=\dimen103
))
(/usr/share/texmf-dist/tex/latex/amsmath/amsbsy.sty
Package: amsbsy 1999/11/29 v1.2d
\pmbraise@=\dimen104
)
(/usr/share/texmf-dist/tex/latex/amsmath/amsopn.sty
Package: amsopn 1999/12/14 v2.01 operator names
)
\inf@bad=\count87
LaTeX Info: Redefining \frac on input line 210.
\uproot@=\count88
\leftroot@=\count89
LaTeX Info: Redefining \overline on input line 306.
\classnum@=\count90
\DOTSCASE@=\count91
LaTeX Info: Redefining \ldots on input line 378.
LaTeX Info: Redefining \dots on input line 381.
LaTeX Info: Redefining \cdots on input line 466.
\Mathstrutbox@=\box26
\strutbox@=\box27
\big@size=\dimen105
LaTeX Font Info:    Redeclaring font encoding OML on input line 566.
LaTeX Font Info:    Redeclaring font encoding OMS on input line 567.
\macc@depth=\count92
\c@MaxMatrixCols=\count93
\dotsspace@=\muskip10
\c@parentequation=\count94
\dspbrk@lvl=\count95
\tag@help=\toks18
\row@=\count96
\column@=\count97
\maxfields@=\count98
\andhelp@=\toks19
\eqnshift@=\dimen106
\alignsep@=\dimen107
\tagshift@=\dimen108
\tagwidth@=\dimen109
\totwidth@=\dimen110
\lineht@=\dimen111
\@envbody=\toks20
\multlinegap=\skip45
\multlinetaggap=\skip46
\mathdisplay@stack=\toks21
LaTeX Info: Redefining \[ on input line 2665.
LaTeX Info: Redefining \] on input line 2666.
)
(/usr/share/texmf-dist/tex/latex/amsfonts/amsfonts.sty
Package: amsfonts 2013/01/14 v3.01 Basic AMSFonts support
\symAMSa=\mathgroup4
\symAMSb=\mathgroup5
LaTeX Font Info:    Overwriting math alphabet `\mathfrak' in version `bold'
(Font)                  U/euf/m/n --> U/euf/b/n on input line 106.
)
(/usr/share/texmf-dist/tex/latex/amsfonts/amssymb.sty
Package: amssymb 2013/01/14 v3.01 AMS font symbols
)
(/usr/share/texmf-dist/tex/latex/amscls/amsthm.sty
Package: amsthm 2009/07/02 v2.20.1
\thm@style=\toks22
\thm@bodyfont=\toks23
\thm@headfont=\toks24
\thm@notefont=\toks25
\thm@headpunct=\toks26
\thm@preskip=\skip47
\thm@postskip=\skip48
\thm@headsep=\skip49
\dth@everypar=\toks27
)
(/usr/share/texmf-dist/tex/latex/caption/caption.sty
Package: caption 2013/05/02 v3.3-89 Customizing captions (AR)

(/usr/share/texmf-dist/tex/latex/caption/caption3.sty
Package: caption3 2013/05/02 v1.6-88 caption3 kernel (AR)
Package caption3 Info: TeX engine: e-TeX on input line 57.
\captionmargin=\dimen112
\captionmargin@=\dimen113
\captionwidth=\dimen114
\caption@tempdima=\dimen115
\caption@indent=\dimen116
\caption@parindent=\dimen117
\caption@hangindent=\dimen118
)
\c@ContinuedFloat=\count99
)
(/usr/share/texmf-dist/tex/latex/caption/subcaption.sty
Package: subcaption 2013/02/03 v1.1-62 Sub-captions (AR)
\c@subfigure=\count100
\c@subtable=\count101
)
(/usr/share/texmf-dist/tex/latex/multirow/multirow.sty
\bigstrutjot=\dimen119
)
(/usr/share/texmf-dist/tex/latex/psnfss/courier.sty
Package: courier 2005/04/12 PSNFSS-v9.2a (WaS) 
)
(/usr/share/texmf-dist/tex/latex/tools/tabularx.sty
Package: tabularx 2014/10/28 v2.10 `tabularx' package (DPC)

(/usr/share/texmf-dist/tex/latex/tools/array.sty
Package: array 2014/10/28 v2.4c Tabular extension package (FMi)
\col@sep=\dimen120
\extrarowheight=\dimen121
\NC@list=\toks28
\extratabsurround=\skip50
\backup@length=\skip51
)
\TX@col@width=\dimen122
\TX@old@table=\dimen123
\TX@old@col=\dimen124
\TX@target=\dimen125
\TX@delta=\dimen126
\TX@cols=\count102
\TX@ftn=\toks29
)
(/usr/share/texmf-dist/tex/latex/endnotes/endnotes.sty
\c@endnote=\count103
\endnotesep=\dimen127
\@enotes=\write3
)
(/usr/share/texmf-dist/tex/latex/booktabs/booktabs.sty
Package: booktabs 2005/04/14 v1.61803 publication quality tables
\heavyrulewidth=\dimen128
\lightrulewidth=\dimen129
\cmidrulewidth=\dimen130
\belowrulesep=\dimen131
\belowbottomsep=\dimen132
\aboverulesep=\dimen133
\abovetopsep=\dimen134
\cmidrulesep=\dimen135
\cmidrulekern=\dimen136
\defaultaddspace=\dimen137
\@cmidla=\count104
\@cmidlb=\count105
\@aboverulesep=\dimen138
\@belowrulesep=\dimen139
\@thisruleclass=\count106
\@lastruleclass=\count107
\@thisrulewidth=\dimen140
)
(/usr/share/texmf-dist/tex/latex/url/url.sty
\Urlmuskip=\muskip11
Package: url 2013/09/16  ver 3.4  Verb mode for urls, etc.
)
(/usr/share/texmf-dist/tex/latex/wrapfig/wrapfig.sty
\wrapoverhang=\dimen141
\WF@size=\dimen142
\c@WF@wrappedlines=\count108
\WF@box=\box28
\WF@everypar=\toks30
Package: wrapfig 2003/01/31  v 3.6
)
(/usr/share/texmf-dist/tex/latex/base/fixltx2e.sty
Package: fixltx2e 2014/09/29 v1.1s fixes to LaTeX
LaTeX Info: Redefining \em on input line 430.
LaTeX Info: The control sequence `\[' is already robust on input line 481.
LaTeX Info: The control sequence `\]' is already robust on input line 482.
)
(/usr/share/texmf-dist/tex/latex/hyphenat/hyphenat.sty
Package: hyphenat 2009/09/02 v2.3c hyphenation utilities
\langwohyphens=\language80
LaTeX Info: Redefining \_ on input line 43.
)
(/usr/share/texmf-dist/tex/latex/microtype/microtype.sty
Package: microtype 2013/05/23 v2.5a Micro-typographical refinements (RS)
\MT@toks=\toks31
\MT@count=\count109
LaTeX Info: Redefining \textls on input line 766.
\MT@outer@kern=\dimen143
LaTeX Info: Redefining \textmicrotypecontext on input line 1285.
\MT@listname@count=\count110

(/usr/share/texmf-dist/tex/latex/microtype/microtype-pdftex.def
File: microtype-pdftex.def 2013/05/23 v2.5a Definitions specific to pdftex (RS)

LaTeX Info: Redefining \lsstyle on input line 915.
LaTeX Info: Redefining \lslig on input line 915.
\MT@outer@space=\skip52
)
Package microtype Info: Loading configuration file microtype.cfg.

(/usr/share/texmf-dist/tex/latex/microtype/microtype.cfg
File: microtype.cfg 2013/05/23 v2.5a microtype main configuration file (RS)
))
(./plannedprotest_AIMag.aux)
\openout1 = `plannedprotest_AIMag.aux'.

LaTeX Font Info:    Checking defaults for OML/cmm/m/it on input line 41.
LaTeX Font Info:    ... okay on input line 41.
LaTeX Font Info:    Checking defaults for T1/cmr/m/n on input line 41.
LaTeX Font Info:    ... okay on input line 41.
LaTeX Font Info:    Checking defaults for OT1/cmr/m/n on input line 41.
LaTeX Font Info:    ... okay on input line 41.
LaTeX Font Info:    Checking defaults for OMS/cmsy/m/n on input line 41.
LaTeX Font Info:    ... okay on input line 41.
LaTeX Font Info:    Checking defaults for OMX/cmex/m/n on input line 41.
LaTeX Font Info:    ... okay on input line 41.
LaTeX Font Info:    Checking defaults for U/cmr/m/n on input line 41.
LaTeX Font Info:    ... okay on input line 41.
LaTeX Font Info:    Try loading font information for OT1+ppl on input line 41.
 (/usr/share/texmf-dist/tex/latex/psnfss/ot1ppl.fd
File: ot1ppl.fd 2001/06/04 font definitions for OT1/ppl.
)
Package caption Info: Begin \AtBeginDocument code.
Package caption Info: wrapfig package is loaded.
Package caption Info: End \AtBeginDocument code.
LaTeX Info: Redefining \microtypecontext on input line 41.
Package microtype Info: Generating PDF output.
Package microtype Info: Character protrusion enabled (level 2).
Package microtype Info: Using default protrusion set `alltext'.
Package microtype Info: Automatic font expansion enabled (level 2),
(microtype)             stretch: 20, shrink: 20, step: 1, non-selected.
Package microtype Info: Using default expansion set `basictext'.
Package microtype Info: No adjustment of tracking.
Package microtype Info: No adjustment of interword spacing.
Package microtype Info: No adjustment of character kerning.
(/usr/share/texmf-dist/tex/latex/microtype/mt-ppl.cfg
File: mt-ppl.cfg 2005/11/16 v1.6 microtype config. file: Palatino (RS)
)
\c@exmp=\count111
LaTeX Font Info:    Font shape `OT1/ppl/bx/n' in size <14.4> not available
(Font)              Font shape `OT1/ppl/b/n' tried instead on input line 50.

(/usr/share/texmf-dist/tex/latex/microtype/mt-cmr.cfg
File: mt-cmr.cfg 2013/05/19 v2.2 microtype config. file: Computer Modern Roman 
(RS)
)
LaTeX Font Info:    Try loading font information for U+msa on input line 50.

(/usr/share/texmf-dist/tex/latex/amsfonts/umsa.fd
File: umsa.fd 2013/01/14 v3.01 AMS symbols A
)
(/usr/share/texmf-dist/tex/latex/microtype/mt-msa.cfg
File: mt-msa.cfg 2006/02/04 v1.1 microtype config. file: AMS symbols (a) (RS)
)
LaTeX Font Info:    Try loading font information for U+msb on input line 50.

(/usr/share/texmf-dist/tex/latex/amsfonts/umsb.fd
File: umsb.fd 2013/01/14 v3.01 AMS symbols B
)
(/usr/share/texmf-dist/tex/latex/microtype/mt-msb.cfg
File: mt-msb.cfg 2005/06/01 v1.0 microtype config. file: AMS symbols (b) (RS)
)
LaTeX Font Info:    Font shape `OT1/ppl/bx/n' in size <12> not available
(Font)              Font shape `OT1/ppl/b/n' tried instead on input line 50.
LaTeX Font Info:    Font shape `OT1/ppl/bx/n' in size <10> not available
(Font)              Font shape `OT1/ppl/b/n' tried instead on input line 50.
LaTeX Font Info:    Font shape `OT1/ppl/bx/n' in size <10.95> not available
(Font)              Font shape `OT1/ppl/b/n' tried instead on input line 50.
 [1{/var/lib/texmf/fonts/map/pdftex/updmap/pdftex.map}




] [2

] [3] [4]
Underfull \hbox (badness 10000) in paragraph at lines 282--282
[]|\OT1/ppl/m/n/9 (+20) Relative
 []


Underfull \hbox (badness 10000) in paragraph at lines 282--282
\OT1/ppl/m/n/9 (+20) date
 []


Underfull \hbox (badness 10000) in paragraph at lines 282--282
[]|\OT1/ppl/m/n/9 (+20) Ingest
 []


Underfull \hbox (badness 10000) in paragraph at lines 282--282
\OT1/ppl/m/n/9 (+20) mul-ti-ple
 []


Overfull \hbox (1.04695pt too wide) in paragraph at lines 282--282
[]|\OT1/ppl/m/n/9 (-20) Reasoning
 []


Underfull \hbox (badness 10000) in paragraph at lines 282--282
\OT1/ppl/m/n/9 (+20) about
 []


Underfull \hbox (badness 10000) in paragraph at lines 282--282
[]|\OT1/ppl/m/n/9 (+20) Learning
 []


Overfull \hbox (12.53175pt too wide) in paragraph at lines 282--282
\OT1/ppl/m/n/9 (-20) word/phrase
 []


Underfull \hbox (badness 1259) in paragraph at lines 282--282
[]|\OT1/ppl/m/n/9 (+20) Time-to-Event Recog-ni-tion ( Tops,
 []


Underfull \hbox (badness 2573) in paragraph at lines 282--282
\OT1/ppl/m/n/9 (+20) van den Bosch, and Kun-ne-man
 []

[5]
LaTeX Font Info:    Try loading font information for OMS+ppl on input line 358.

 (/usr/share/texmf-dist/tex/latex/psnfss/omsppl.fd
File: omsppl.fd 
)
LaTeX Font Info:    Font shape `OMS/ppl/m/n' in size <10> not available
(Font)              Font shape `OMS/cmsy/m/n' tried instead on input line 358.
 [6] [7]
LaTeX Font Info:    Font shape `OT1/ppl/bx/it' in size <10> not available
(Font)              Font shape `OT1/ppl/b/it' tried instead on input line 505.
 [8] [9] [10]
[11]
Overfull \hbox (2.0468pt too wide) in paragraph at lines 770--770
[]|\OT1/ppl/m/n/7 QS| 
 []


Overfull \hbox (1.61272pt too wide) in paragraph at lines 770--770
[]|\OT1/ppl/m/n/7 Pr.| 
 []


Overfull \hbox (5.75665pt too wide) in paragraph at lines 770--770
[]|\OT1/ppl/m/n/7 Rec.| 
 []


Overfull \hbox (1.43773pt too wide) in paragraph at lines 770--770
[]|\OT1/ppl/m/n/7 LT| 
 []


Overfull \hbox (2.0468pt too wide) in paragraph at lines 770--770
[]|\OT1/ppl/m/n/7 QS| 
 []


Overfull \hbox (1.61272pt too wide) in paragraph at lines 770--770
[]|\OT1/ppl/m/n/7 Pr.| 
 []


Overfull \hbox (5.75665pt too wide) in paragraph at lines 770--770
[]|\OT1/ppl/m/n/7 Rec.| 
 []


Overfull \hbox (1.43773pt too wide) in paragraph at lines 770--770
[]|\OT1/ppl/m/n/7 LT| 
 []


Overfull \hbox (2.0468pt too wide) in paragraph at lines 770--770
[]|\OT1/ppl/m/n/7 QS| 
 []


Overfull \hbox (1.61272pt too wide) in paragraph at lines 770--770
[]|\OT1/ppl/m/n/7 Pr.| 
 []


Overfull \hbox (5.75665pt too wide) in paragraph at lines 770--770
[]|\OT1/ppl/m/n/7 Rec.| 
 []


Overfull \hbox (1.43773pt too wide) in paragraph at lines 770--770
[]|\OT1/ppl/m/n/7 LT| 
 []


Overfull \hbox (2.0468pt too wide) in paragraph at lines 770--770
[]|\OT1/ppl/m/n/7 QS| 
 []


Overfull \hbox (1.61272pt too wide) in paragraph at lines 770--770
[]|\OT1/ppl/m/n/7 Pr.| 
 []


Overfull \hbox (5.75665pt too wide) in paragraph at lines 770--770
[]|\OT1/ppl/m/n/7 Rec.| 
 []


Overfull \hbox (1.43773pt too wide) in paragraph at lines 770--770
[]|\OT1/ppl/m/n/7 LT| 
 []


Overfull \hbox (2.99168pt too wide) in paragraph at lines 770--770
[]|\OT1/ppl/m/n/7 AR| 
 []


Overfull \hbox (5.11983pt too wide) in paragraph at lines 770--770
[]|\OT1/ppl/m/n/7 3.14| 
 []


Overfull \hbox (5.11983pt too wide) in paragraph at lines 770--770
[]|\OT1/ppl/m/n/7 0.32| 
 []


Overfull \hbox (5.11983pt too wide) in paragraph at lines 770--770
[]|\OT1/ppl/m/n/7 0.69| 
 []


Overfull \hbox (5.11983pt too wide) in paragraph at lines 770--770
[]|\OT1/ppl/m/n/7 3.94| 
 []


Overfull \hbox (5.11983pt too wide) in paragraph at lines 770--770
[]|\OT1/ppl/m/n/7 3.52| 
 []


Overfull \hbox (5.11983pt too wide) in paragraph at lines 770--770
[]|\OT1/ppl/b/n/7 0.78| 
 []


Overfull \hbox (5.11983pt too wide) in paragraph at lines 770--770
[]|\OT1/ppl/m/n/7 0.14| 
 []


Overfull \hbox (5.11983pt too wide) in paragraph at lines 770--770
[]|\OT1/ppl/m/n/7 3.14| 
 []


Overfull \hbox (5.11983pt too wide) in paragraph at lines 770--770
[]|\OT1/ppl/b/n/7 3.70| 
 []


Overfull \hbox (5.11983pt too wide) in paragraph at lines 770--770
[]|\OT1/ppl/m/n/7 0.50| 
 []


Overfull \hbox (5.11983pt too wide) in paragraph at lines 770--770
[]|\OT1/ppl/m/n/7 0.04| 
 []


Overfull \hbox (5.11983pt too wide) in paragraph at lines 770--770
[]|\OT1/ppl/m/n/7 3.00| 
 []


Overfull \hbox (5.11983pt too wide) in paragraph at lines 770--770
[]|\OT1/ppl/m/n/7 3.02| 
 []


Overfull \hbox (5.11983pt too wide) in paragraph at lines 770--770
[]|\OT1/ppl/m/n/7 0.36| 
 []


Overfull \hbox (5.11983pt too wide) in paragraph at lines 770--770
[]|\OT1/ppl/b/n/7 0.80| 
 []


Overfull \hbox (5.11983pt too wide) in paragraph at lines 770--770
[]|\OT1/ppl/b/n/7 4.50| 
 []


Overfull \hbox (1.82275pt too wide) in paragraph at lines 770--770
[]|\OT1/ppl/m/n/7 BR| 
 []


Overfull \hbox (5.11983pt too wide) in paragraph at lines 770--770
[]|\OT1/ppl/m/n/7 3.14| 
 []


Overfull \hbox (5.11983pt too wide) in paragraph at lines 770--770
[]|\OT1/ppl/m/n/7 0.48| 
 []


Overfull \hbox (5.11983pt too wide) in paragraph at lines 770--770
[]|\OT1/ppl/m/n/7 0.54| 
 []


Overfull \hbox (5.11983pt too wide) in paragraph at lines 770--770
[]|\OT1/ppl/b/n/7 5.85| 
 []


Overfull \hbox (5.11983pt too wide) in paragraph at lines 770--770
[]|\OT1/ppl/b/n/7 3.62| 
 []


Overfull \hbox (5.11983pt too wide) in paragraph at lines 770--770
[]|\OT1/ppl/b/n/7 0.76| 
 []


Overfull \hbox (5.11983pt too wide) in paragraph at lines 770--770
[]|\OT1/ppl/m/n/7 0.18| 
 []


Overfull \hbox (5.11983pt too wide) in paragraph at lines 770--770
[]|\OT1/ppl/m/n/7 2.46| 
 []


Overfull \hbox (5.11983pt too wide) in paragraph at lines 770--770
[]|\OT1/ppl/m/n/7 3.28| 
 []


Overfull \hbox (5.11983pt too wide) in paragraph at lines 770--770
[]|\OT1/ppl/m/n/7 0.49| 
 []


Overfull \hbox (5.11983pt too wide) in paragraph at lines 770--770
[]|\OT1/ppl/b/n/7 0.65| 
 []


Overfull \hbox (5.11983pt too wide) in paragraph at lines 770--770
[]|\OT1/ppl/m/n/7 5.15| 
 []


Overfull \hbox (2.10979pt too wide) in paragraph at lines 770--770
[]|\OT1/ppl/m/n/7 CL| 
 []


Overfull \hbox (5.11983pt too wide) in paragraph at lines 770--770
[]|\OT1/ppl/m/n/7 3.06| 
 []


Overfull \hbox (5.11983pt too wide) in paragraph at lines 770--770
[]|\OT1/ppl/m/n/7 0.91| 
 []


Overfull \hbox (5.11983pt too wide) in paragraph at lines 770--770
[]|\OT1/ppl/m/n/7 0.67| 
 []


Overfull \hbox (5.11983pt too wide) in paragraph at lines 770--770
[]|\OT1/ppl/m/n/7 5.40| 
 []


Overfull \hbox (5.11983pt too wide) in paragraph at lines 770--770
[]|\OT1/ppl/b/n/7 3.52| 
 []


Overfull \hbox (5.11983pt too wide) in paragraph at lines 770--770
[]|\OT1/ppl/b/n/7 1.00| 
 []


Overfull \hbox (5.11983pt too wide) in paragraph at lines 770--770
[]|\OT1/ppl/m/n/7 0.23| 
 []


Overfull \hbox (5.11983pt too wide) in paragraph at lines 770--770
[]|\OT1/ppl/m/n/7 4.29| 
 []


Overfull \hbox (5.11983pt too wide) in paragraph at lines 770--770
[]|\OT1/ppl/m/n/7 3.16| 
 []


Overfull \hbox (5.11983pt too wide) in paragraph at lines 770--770
[]|\OT1/ppl/m/n/7 0.83| 
 []


Overfull \hbox (5.11983pt too wide) in paragraph at lines 770--770
[]|\OT1/ppl/b/n/7 0.80| 
 []


Overfull \hbox (5.11983pt too wide) in paragraph at lines 770--770
[]|\OT1/ppl/b/n/7 5.92| 
 []


Overfull \hbox (3.33478pt too wide) in paragraph at lines 770--770
[]|\OT1/ppl/m/n/7 CO| 
 []


Overfull \hbox (5.11983pt too wide) in paragraph at lines 770--770
[]|\OT1/ppl/m/n/7 2.74| 
 []


Overfull \hbox (5.11983pt too wide) in paragraph at lines 770--770
[]|\OT1/ppl/m/n/7 0.90| 
 []


Overfull \hbox (5.11983pt too wide) in paragraph at lines 770--770
[]|\OT1/ppl/m/n/7 0.56| 
 []


Overfull \hbox (5.11983pt too wide) in paragraph at lines 770--770
[]|\OT1/ppl/b/n/7 7.44| 
 []


Overfull \hbox (5.11983pt too wide) in paragraph at lines 770--770
[]|\OT1/ppl/m/n/7 3.30| 
 []


Overfull \hbox (5.11983pt too wide) in paragraph at lines 770--770
[]|\OT1/ppl/b/n/7 1.00| 
 []


Overfull \hbox (5.11983pt too wide) in paragraph at lines 770--770
[]|\OT1/ppl/m/n/7 0.15| 
 []


Overfull \hbox (5.11983pt too wide) in paragraph at lines 770--770
[]|\OT1/ppl/m/n/7 2.43| 
 []


Overfull \hbox (5.11983pt too wide) in paragraph at lines 770--770
[]|\OT1/ppl/b/n/7 4.00| 
 []


Overfull \hbox (5.11983pt too wide) in paragraph at lines 770--770
[]|\OT1/ppl/b/n/7 1.00| 
 []


Overfull \hbox (5.11983pt too wide) in paragraph at lines 770--770
[]|\OT1/ppl/m/n/7 0.02| 
 []


Overfull \hbox (5.11983pt too wide) in paragraph at lines 770--770
[]|\OT1/ppl/m/n/7 2.00| 
 []


Overfull \hbox (5.11983pt too wide) in paragraph at lines 770--770
[]|\OT1/ppl/m/n/7 2.88| 
 []


Overfull \hbox (5.11983pt too wide) in paragraph at lines 770--770
[]|\OT1/ppl/m/n/7 0.84| 
 []


Overfull \hbox (5.11983pt too wide) in paragraph at lines 770--770
[]|\OT1/ppl/b/n/7 0.65| 
 []


Overfull \hbox (5.11983pt too wide) in paragraph at lines 770--770
[]|\OT1/ppl/m/n/7 6.47| 
 []


Overfull \hbox (2.10979pt too wide) in paragraph at lines 770--770
[]|\OT1/ppl/m/n/7 EC| 
 []


Overfull \hbox (5.11983pt too wide) in paragraph at lines 770--770
[]|\OT1/ppl/b/n/7 2.32| 
 []


Overfull \hbox (5.11983pt too wide) in paragraph at lines 770--770
[]|\OT1/ppl/b/n/7 1.00| 
 []


Overfull \hbox (5.11983pt too wide) in paragraph at lines 770--770
[]|\OT1/ppl/b/n/7 0.06| 
 []


Overfull \hbox (8.61983pt too wide) in paragraph at lines 770--770
[]|\OT1/ppl/b/n/7 17.00| 
 []


Overfull \hbox (5.11983pt too wide) in paragraph at lines 770--770
[]|\OT1/ppl/b/n/7 2.32| 
 []


Overfull \hbox (5.11983pt too wide) in paragraph at lines 770--770
[]|\OT1/ppl/b/n/7 0.50| 
 []


Overfull \hbox (5.11983pt too wide) in paragraph at lines 770--770
[]|\OT1/ppl/b/n/7 0.06| 
 []


Overfull \hbox (8.61983pt too wide) in paragraph at lines 770--770
[]|\OT1/ppl/b/n/7 17.00| 
 []


Overfull \hbox (4.16074pt too wide) in paragraph at lines 770--770
[]|\OT1/ppl/m/n/7 MX| 
 []


Overfull \hbox (5.11983pt too wide) in paragraph at lines 770--770
[]|\OT1/ppl/m/n/7 2.96| 
 []


Overfull \hbox (5.11983pt too wide) in paragraph at lines 770--770
[]|\OT1/ppl/m/n/7 0.88| 
 []


Overfull \hbox (5.11983pt too wide) in paragraph at lines 770--770
[]|\OT1/ppl/m/n/7 0.25| 
 []


Overfull \hbox (5.11983pt too wide) in paragraph at lines 770--770
[]|\OT1/ppl/b/n/7 3.69| 
 []


Overfull \hbox (5.11983pt too wide) in paragraph at lines 770--770
[]|\OT1/ppl/m/n/7 3.14| 
 []


Overfull \hbox (5.11983pt too wide) in paragraph at lines 770--770
[]|\OT1/ppl/b/n/7 1.00| 
 []


Overfull \hbox (5.11983pt too wide) in paragraph at lines 770--770
[]|\OT1/ppl/m/n/7 0.02| 
 []


Overfull \hbox (5.11983pt too wide) in paragraph at lines 770--770
[]|\OT1/ppl/m/n/7 1.43| 
 []


Overfull \hbox (5.11983pt too wide) in paragraph at lines 770--770
[]|\OT1/ppl/b/n/7 3.72| 
 []


Overfull \hbox (5.11983pt too wide) in paragraph at lines 770--770
[]|\OT1/ppl/m/n/7 0.67| 
 []


Overfull \hbox (5.11983pt too wide) in paragraph at lines 770--770
[]|\OT1/ppl/m/n/7 0.01| 
 []


Overfull \hbox (5.11983pt too wide) in paragraph at lines 770--770
[]|\OT1/ppl/m/n/7 2.00| 
 []


Overfull \hbox (5.11983pt too wide) in paragraph at lines 770--770
[]|\OT1/ppl/m/n/7 3.00| 
 []


Overfull \hbox (5.11983pt too wide) in paragraph at lines 770--770
[]|\OT1/ppl/m/n/7 0.87| 
 []


Overfull \hbox (5.11983pt too wide) in paragraph at lines 770--770
[]|\OT1/ppl/b/n/7 0.27| 
 []


Overfull \hbox (5.11983pt too wide) in paragraph at lines 770--770
[]|\OT1/ppl/m/n/7 3.51| 
 []


Overfull \hbox (1.59879pt too wide) in paragraph at lines 770--770
[]|\OT1/ppl/m/n/7 SV| 
 []


Overfull \hbox (5.11983pt too wide) in paragraph at lines 770--770
[]|\OT1/ppl/b/n/7 3.22| 
 []


Overfull \hbox (5.11983pt too wide) in paragraph at lines 770--770
[]|\OT1/ppl/b/n/7 1.00| 
 []


Overfull \hbox (5.11983pt too wide) in paragraph at lines 770--770
[]|\OT1/ppl/b/n/7 0.03| 
 []


Overfull \hbox (5.11983pt too wide) in paragraph at lines 770--770
[]|\OT1/ppl/b/n/7 1.00| 
 []


Overfull \hbox (5.11983pt too wide) in paragraph at lines 770--770
[]|\OT1/ppl/b/n/7 3.22| 
 []


Overfull \hbox (5.11983pt too wide) in paragraph at lines 770--770
[]|\OT1/ppl/b/n/7 1.00| 
 []


Overfull \hbox (5.11983pt too wide) in paragraph at lines 770--770
[]|\OT1/ppl/b/n/7 0.03| 
 []


Overfull \hbox (5.11983pt too wide) in paragraph at lines 770--770
[]|\OT1/ppl/b/n/7 1.00| 
 []


Overfull \hbox (1.76671pt too wide) in paragraph at lines 770--770
[]|\OT1/ppl/m/n/7 PY| 
 []


Overfull \hbox (5.11983pt too wide) in paragraph at lines 770--770
[]|\OT1/ppl/m/n/7 3.38| 
 []


Overfull \hbox (5.11983pt too wide) in paragraph at lines 770--770
[]|\OT1/ppl/b/n/7 1.00| 
 []


Overfull \hbox (5.11983pt too wide) in paragraph at lines 770--770
[]|\OT1/ppl/b/n/7 0.16| 
 []


Overfull \hbox (5.11983pt too wide) in paragraph at lines 770--770
[]|\OT1/ppl/m/n/7 9.11| 
 []


Overfull \hbox (5.11983pt too wide) in paragraph at lines 770--770
[]|\OT1/ppl/m/n/7 3.84| 
 []


Overfull \hbox (5.11983pt too wide) in paragraph at lines 770--770
[]|\OT1/ppl/b/n/7 1.00| 
 []


Overfull \hbox (5.11983pt too wide) in paragraph at lines 770--770
[]|\OT1/ppl/m/n/7 0.04| 
 []


Overfull \hbox (8.61983pt too wide) in paragraph at lines 770--770
[]|\OT1/ppl/b/n/7 11.40| 
 []


Overfull \hbox (5.11983pt too wide) in paragraph at lines 770--770
[]|\OT1/ppl/m/n/7 3.96| 
 []


Overfull \hbox (5.11983pt too wide) in paragraph at lines 770--770
[]|\OT1/ppl/b/n/7 1.00| 
 []


Overfull \hbox (5.11983pt too wide) in paragraph at lines 770--770
[]|\OT1/ppl/m/n/7 0.01| 
 []


Overfull \hbox (5.11983pt too wide) in paragraph at lines 770--770
[]|\OT1/ppl/m/n/7 2.00| 
 []


Overfull \hbox (5.11983pt too wide) in paragraph at lines 770--770
[]|\OT1/ppl/m/n/7 3.60| 
 []


Overfull \hbox (5.11983pt too wide) in paragraph at lines 770--770
[]|\OT1/ppl/m/n/7 0.96| 
 []


Overfull \hbox (5.11983pt too wide) in paragraph at lines 770--770
[]|\OT1/ppl/b/n/7 0.20| 
 []


Overfull \hbox (5.11983pt too wide) in paragraph at lines 770--770
[]|\OT1/ppl/m/n/7 9.35| 
 []


Overfull \hbox (2.9847pt too wide) in paragraph at lines 770--770
[]|\OT1/ppl/m/n/7 UY| 
 []


Overfull \hbox (5.11983pt too wide) in paragraph at lines 770--770
[]|\OT1/ppl/b/n/7 3.24| 
 []


Overfull \hbox (5.11983pt too wide) in paragraph at lines 770--770
[]|\OT1/ppl/b/n/7 1.00| 
 []


Overfull \hbox (5.11983pt too wide) in paragraph at lines 770--770
[]|\OT1/ppl/b/n/7 0.29| 
 []


Overfull \hbox (5.11983pt too wide) in paragraph at lines 770--770
[]|\OT1/ppl/b/n/7 2.40| 
 []


Overfull \hbox (5.11983pt too wide) in paragraph at lines 770--770
[]|\OT1/ppl/m/n/7 3.24| 
 []


Overfull \hbox (5.11983pt too wide) in paragraph at lines 770--770
[]|\OT1/ppl/b/n/7 1.00| 
 []


Overfull \hbox (5.11983pt too wide) in paragraph at lines 770--770
[]|\OT1/ppl/b/n/7 0.29| 
 []


Overfull \hbox (5.11983pt too wide) in paragraph at lines 770--770
[]|\OT1/ppl/m/n/7 3.24| 
 []


Overfull \hbox (2.20079pt too wide) in paragraph at lines 770--770
[]|\OT1/ppl/m/n/7 VE| 
 []


Overfull \hbox (5.11983pt too wide) in paragraph at lines 770--770
[]|\OT1/ppl/b/n/7 3.80| 
 []


Overfull \hbox (5.11983pt too wide) in paragraph at lines 770--770
[]|\OT1/ppl/b/n/7 1.00| 
 []


Overfull \hbox (5.11983pt too wide) in paragraph at lines 770--770
[]|\OT1/ppl/m/n/7 0.36| 
 []


Overfull \hbox (5.11983pt too wide) in paragraph at lines 770--770
[]|\OT1/ppl/b/n/7 3.27| 
 []


Overfull \hbox (5.11983pt too wide) in paragraph at lines 770--770
[]|\OT1/ppl/m/n/7 3.68| 
 []


Overfull \hbox (5.11983pt too wide) in paragraph at lines 770--770
[]|\OT1/ppl/m/n/7 0.97| 
 []


Overfull \hbox (5.11983pt too wide) in paragraph at lines 770--770
[]|\OT1/ppl/m/n/7 0.33| 
 []


Overfull \hbox (5.11983pt too wide) in paragraph at lines 770--770
[]|\OT1/ppl/m/n/7 2.39| 
 []


Overfull \hbox (5.11983pt too wide) in paragraph at lines 770--770
[]|\OT1/ppl/m/n/7 3.64| 
 []


Overfull \hbox (5.11983pt too wide) in paragraph at lines 770--770
[]|\OT1/ppl/m/n/7 0.99| 
 []


Overfull \hbox (5.11983pt too wide) in paragraph at lines 770--770
[]|\OT1/ppl/b/n/7 0.69| 
 []


Overfull \hbox (5.11983pt too wide) in paragraph at lines 770--770
[]|\OT1/ppl/m/n/7 2.88| 
 []


Overfull \hbox (6.86974pt too wide) in paragraph at lines 770--770
[]|\OT1/ppl/m/n/7 ALL| 
 []


Overfull \hbox (5.11983pt too wide) in paragraph at lines 770--770
[]|\OT1/ppl/m/n/7 3.34| 
 []


Overfull \hbox (5.11983pt too wide) in paragraph at lines 770--770
[]|\OT1/ppl/m/n/7 0.69| 
 []


Overfull \hbox (5.11983pt too wide) in paragraph at lines 770--770
[]|\OT1/ppl/m/n/7 0.35| 
 []


Overfull \hbox (5.11983pt too wide) in paragraph at lines 770--770
[]|\OT1/ppl/b/n/7 4.57| 
 []


Overfull \hbox (5.11983pt too wide) in paragraph at lines 770--770
[]|\OT1/ppl/m/n/7 3.62| 
 []


Overfull \hbox (5.11983pt too wide) in paragraph at lines 770--770
[]|\OT1/ppl/b/n/7 0.97| 
 []


Overfull \hbox (5.11983pt too wide) in paragraph at lines 770--770
[]|\OT1/ppl/m/n/7 0.15| 
 []


Overfull \hbox (5.11983pt too wide) in paragraph at lines 770--770
[]|\OT1/ppl/m/n/7 2.82| 
 []


Overfull \hbox (5.11983pt too wide) in paragraph at lines 770--770
[]|\OT1/ppl/m/n/7 3.66| 
 []


Overfull \hbox (5.11983pt too wide) in paragraph at lines 770--770
[]|\OT1/ppl/m/n/7 0.74| 
 []


Overfull \hbox (5.11983pt too wide) in paragraph at lines 770--770
[]|\OT1/ppl/m/n/7 0.03| 
 []


Overfull \hbox (5.11983pt too wide) in paragraph at lines 770--770
[]|\OT1/ppl/m/n/7 2.44| 
 []


Overfull \hbox (5.11983pt too wide) in paragraph at lines 770--770
[]|\OT1/ppl/m/n/7 3.36| 
 []


Overfull \hbox (5.11983pt too wide) in paragraph at lines 770--770
[]|\OT1/ppl/m/n/7 0.73| 
 []


Overfull \hbox (5.11983pt too wide) in paragraph at lines 770--770
[]|\OT1/ppl/b/n/7 0.51| 
 []


Overfull \hbox (5.11983pt too wide) in paragraph at lines 770--770
[]|\OT1/ppl/m/n/7 4.08| 
 []

[12]
Overfull \hbox (2.68329pt too wide) in paragraph at lines 799--799
[]|\OT1/ppl/m/n/9 (-20) AR| 
 []


Overfull \hbox (1.21042pt too wide) in paragraph at lines 799--799
[]|\OT1/ppl/m/n/9 (-20) BR| 
 []


Overfull \hbox (1.57207pt too wide) in paragraph at lines 799--799
[]|\OT1/ppl/m/n/9 (-20) CL| 
 []


Overfull \hbox (3.11559pt too wide) in paragraph at lines 799--799
[]|\OT1/ppl/m/n/9 (-20) CO| 
 []


Overfull \hbox (1.57207pt too wide) in paragraph at lines 799--799
[]|\OT1/ppl/m/n/9 (-20) EC| 
 []


Overfull \hbox (0.92824pt too wide) in paragraph at lines 799--799
[]|\OT1/ppl/m/n/9 (-20) SV| 
 []


Overfull \hbox (4.1563pt too wide) in paragraph at lines 799--799
[]|\OT1/ppl/m/n/9 (-20) MX| 
 []


Overfull \hbox (1.13982pt too wide) in paragraph at lines 799--799
[]|\OT1/ppl/m/n/9 (-20) PY| 
 []


Overfull \hbox (2.67447pt too wide) in paragraph at lines 799--799
[]|\OT1/ppl/m/n/9 (-20) UY| 
 []


Overfull \hbox (1.68674pt too wide) in paragraph at lines 799--799
[]|\OT1/ppl/m/n/9 (-20) VE| 
 []


Overfull \hbox (1.92465pt too wide) in paragraph at lines 799--799
[]|\OT1/ppl/m/n/9 (-20) All| 
 []


Overfull \hbox (2.04793pt too wide) in paragraph at lines 799--799
[]|[]| 
 []


Overfull \hbox (5.36475pt too wide) in paragraph at lines 799--799
[]|\OT1/ppl/m/n/9 (-20) 0.82| 
 []


Overfull \hbox (5.36475pt too wide) in paragraph at lines 799--799
[]|\OT1/ppl/m/n/9 (-20) 0.76| 
 []


Overfull \hbox (5.36475pt too wide) in paragraph at lines 799--799
[]|\OT1/ppl/m/n/9 (-20) 0.75| 
 []


Overfull \hbox (5.36475pt too wide) in paragraph at lines 799--799
[]|\OT1/ppl/m/n/9 (-20) 0.60| 
 []


Overfull \hbox (5.67973pt too wide) in paragraph at lines 799--799
[]|\OT1/ppl/b/n/9 0.75| 
 []


Overfull \hbox (5.36475pt too wide) in paragraph at lines 799--799
[]|\OT1/ppl/m/n/9 (-20) 0.66| 
 []


Overfull \hbox (5.36475pt too wide) in paragraph at lines 799--799
[]|\OT1/ppl/m/n/9 (-20) 0.79| 
 []


Overfull \hbox (5.67973pt too wide) in paragraph at lines 799--799
[]|\OT1/ppl/b/n/9 0.79| 
 []


Overfull \hbox (5.67973pt too wide) in paragraph at lines 799--799
[]|\OT1/ppl/b/n/9 0.95| 
 []


Overfull \hbox (5.36475pt too wide) in paragraph at lines 799--799
[]|\OT1/ppl/m/n/9 (-20) 0.81| 
 []


Overfull \hbox (1.3869pt too wide) in paragraph at lines 799--799
[]|\OT1/ppl/m/n/9 (-20) DS| 
 []


Overfull \hbox (5.36475pt too wide) in paragraph at lines 799--799
[]|\OT1/ppl/m/n/9 (-20) 0.75| 
 []


Overfull \hbox (5.36475pt too wide) in paragraph at lines 799--799
[]|\OT1/ppl/m/n/9 (-20) 0.81| 
 []


Overfull \hbox (5.36475pt too wide) in paragraph at lines 799--799
[]|\OT1/ppl/m/n/9 (-20) 0.78| 
 []


Overfull \hbox (5.36475pt too wide) in paragraph at lines 799--799
[]|\OT1/ppl/m/n/9 (-20) 0.77| 
 []


Overfull \hbox (5.67973pt too wide) in paragraph at lines 799--799
[]|\OT1/ppl/b/n/9 0.86| 
 []


Overfull \hbox (5.36475pt too wide) in paragraph at lines 799--799
[]|\OT1/ppl/m/n/9 (-20) 0.82| 
 []


Overfull \hbox (5.36475pt too wide) in paragraph at lines 799--799
[]|\OT1/ppl/m/n/9 (-20) 0.90| 
 []


Overfull \hbox (5.67973pt too wide) in paragraph at lines 799--799
[]|\OT1/ppl/b/n/9 0.83| 
 []


Overfull \hbox (5.67973pt too wide) in paragraph at lines 799--799
[]|\OT1/ppl/b/n/9 0.95| 
 []


Overfull \hbox (5.36475pt too wide) in paragraph at lines 799--799
[]|\OT1/ppl/m/n/9 (-20) 0.86| 
 []


Overfull \hbox (1.17973pt too wide) in paragraph at lines 799--799
[]|\OT1/ppl/b/n/9 1.0| 
 []


Overfull \hbox (5.67973pt too wide) in paragraph at lines 799--799
[]|\OT1/ppl/b/n/9 0.92| 
 []


Overfull \hbox (5.67973pt too wide) in paragraph at lines 799--799
[]|\OT1/ppl/b/n/9 1.00| 
 []


Overfull \hbox (5.67973pt too wide) in paragraph at lines 799--799
[]|\OT1/ppl/b/n/9 0.86| 
 []


Overfull \hbox (5.67973pt too wide) in paragraph at lines 799--799
[]|\OT1/ppl/b/n/9 0.98| 
 []


Overfull \hbox (5.67973pt too wide) in paragraph at lines 799--799
[]|\OT1/ppl/b/n/9 0.93| 
 []


Overfull \hbox (1.3869pt too wide) in paragraph at lines 799--799
[]|\OT1/ppl/m/n/9 (-20) DS| 
 []


Overfull \hbox (5.36475pt too wide) in paragraph at lines 799--799
[]|\OT1/ppl/m/n/9 (-20) 0.85| 
 []


Overfull \hbox (5.67973pt too wide) in paragraph at lines 799--799
[]|\OT1/ppl/b/n/9 0.89| 
 []


Overfull \hbox (5.67973pt too wide) in paragraph at lines 799--799
[]|\OT1/ppl/b/n/9 1.00| 
 []


Overfull \hbox (5.67973pt too wide) in paragraph at lines 799--799
[]|\OT1/ppl/b/n/9 1.00| 
 []


Overfull \hbox (5.67973pt too wide) in paragraph at lines 799--799
[]|\OT1/ppl/b/n/9 1.00| 
 []


Overfull \hbox (5.36475pt too wide) in paragraph at lines 799--799
[]|\OT1/ppl/m/n/9 (-20) 0.90| 
 []


Overfull \hbox (5.36475pt too wide) in paragraph at lines 799--799
[]|\OT1/ppl/m/n/9 (-20) 0.88| 
 []


Overfull \hbox (5.67973pt too wide) in paragraph at lines 799--799
[]|\OT1/ppl/b/n/9 0.84| 
 []


Overfull \hbox (5.36475pt too wide) in paragraph at lines 799--799
[]|\OT1/ppl/m/n/9 (-20) 0.81| 
 []


Overfull \hbox (5.67973pt too wide) in paragraph at lines 799--799
[]|\OT1/ppl/b/n/9 0.45| 
 []


Overfull \hbox (5.36475pt too wide) in paragraph at lines 799--799
[]|\OT1/ppl/m/n/9 (-20) 0.71| 
 []


Overfull \hbox (5.67973pt too wide) in paragraph at lines 799--799
[]|\OT1/ppl/b/n/9 0.98| 
 []


Overfull \hbox (5.36475pt too wide) in paragraph at lines 799--799
[]|\OT1/ppl/m/n/9 (-20) 0.91| 
 []


Overfull \hbox (5.36475pt too wide) in paragraph at lines 799--799
[]|\OT1/ppl/m/n/9 (-20) 0.89| 
 []


Overfull \hbox (1.3869pt too wide) in paragraph at lines 799--799
[]|\OT1/ppl/m/n/9 (-20) DS| 
 []


Overfull \hbox (5.67973pt too wide) in paragraph at lines 799--799
[]|\OT1/ppl/b/n/9 0.88| 
 []


Overfull \hbox (5.67973pt too wide) in paragraph at lines 799--799
[]|\OT1/ppl/b/n/9 0.92| 
 []


Overfull \hbox (5.36475pt too wide) in paragraph at lines 799--799
[]|\OT1/ppl/m/n/9 (-20) 0.84| 
 []


Overfull \hbox (5.67973pt too wide) in paragraph at lines 799--799
[]|\OT1/ppl/b/n/9 0.71| 
 []


Overfull \hbox (5.36475pt too wide) in paragraph at lines 799--799
[]|\OT1/ppl/m/n/9 (-20) 0.86| 
 []


Overfull \hbox (5.36475pt too wide) in paragraph at lines 799--799
[]|\OT1/ppl/m/n/9 (-20) 0.94| 
 []


Overfull \hbox (5.36475pt too wide) in paragraph at lines 799--799
[]|\OT1/ppl/m/n/9 (-20) 0.93| 
 []


Overfull \hbox (5.67973pt too wide) in paragraph at lines 799--799
[]|\OT1/ppl/b/n/9 0.92| 
 []

[13] [14] [15] [16] [17] (./plannedprotest_AIMag.aux) ) 
Here is how much of TeX's memory you used:
 4853 strings out of 493109
 72434 string characters out of 6140856
 195643 words of memory out of 5000000
 8082 multiletter control sequences out of 15000+600000
 33723 words of font info for 168 fonts, out of 8000000 for 9000
 1141 hyphenation exceptions out of 8191
 36i,11n,38p,242b,437s stack positions out of 5000i,500n,10000p,200000b,80000s
{/usr/share/texmf-dist/f
onts/enc/dvips/base/8r.enc}</usr/share/texmf-dist/fonts/type1/public/amsfonts/c
m/cmex10.pfb></usr/share/texmf-dist/fonts/type1/public/amsfonts/cm/cmmi10.pfb><
/usr/share/texmf-dist/fonts/type1/public/amsfonts/cm/cmmi7.pfb></usr/share/texm
f-dist/fonts/type1/public/amsfonts/cm/cmmi9.pfb></usr/share/texmf-dist/fonts/ty
pe1/public/amsfonts/cm/cmr10.pfb></usr/share/texmf-dist/fonts/type1/public/amsf
onts/cm/cmr7.pfb></usr/share/texmf-dist/fonts/type1/public/amsfonts/cm/cmr9.pfb
></usr/share/texmf-dist/fonts/type1/public/amsfonts/cm/cmsy10.pfb></usr/share/t
exmf-dist/fonts/type1/public/amsfonts/cm/cmsy7.pfb></usr/share/texmf-dist/fonts
/type1/public/amsfonts/cm/cmsy9.pfb></usr/share/texmf-dist/fonts/type1/public/a
msfonts/cm/cmti10.pfb></usr/share/texmf-dist/fonts/type1/public/amsfonts/cm/cmt
i7.pfb></usr/share/texmf-dist/fonts/type1/public/amsfonts/symbols/msam10.pfb></
usr/share/texmf-dist/fonts/type1/urw/palatino/uplb8a.pfb></usr/share/texmf-dist
/fonts/type1/urw/palatino/uplbi8a.pfb></usr/share/texmf-dist/fonts/type1/urw/pa
latino/uplr8a.pfb></usr/share/texmf-dist/fonts/type1/urw/palatino/uplri8a.pfb>
Output written on plannedprotest_AIMag.pdf (17 pages, 232280 bytes).
PDF statistics:
 128 PDF objects out of 1000 (max. 8388607)
 91 compressed objects within 1 object stream
 0 named destinations out of 1000 (max. 500000)
 31745 words of extra memory for PDF output out of 35830 (max. 10000000)

